# JRE version: Java(TM) SE Runtime Environment (8.0_40-b25) (build 1.8.0_40-b25)
# Java VM: Java HotSpot(TM) 64-Bit Server VM (25.40-b25 mixed mode windows-amd64 compressed oops)
Heap:
 PSYoungGen      total 58880K, used 8021K [0x00000000eab00000, 0x00000000eea80000, 0x0000000100000000)
  eden space 56832K, 13% used [0x00000000eab00000,0x00000000eb2bd4c8,0x00000000ee280000)
  from space 2048K, 4% used [0x00000000ee880000,0x00000000ee898000,0x00000000eea80000)
  to   space 4096K, 0% used [0x00000000ee280000,0x00000000ee280000,0x00000000ee680000)
 ParOldGen       total 44032K, used 2547K [0x00000000c0000000, 0x00000000c2b00000, 0x00000000eab00000)
  object space 44032K, 5% used [0x00000000c0000000,0x00000000c027cc48,0x00000000c2b00000)
 Metaspace       used 11174K, capacity 11390K, committed 11776K, reserved 1058816K
  class space    used 1342K, capacity 1419K, committed 1536K, reserved 1048576K
GC Heap History (10 events):
Event: 7.450 GC heap before
{Heap before GC invocations=8 (full 0):
 PSYoungGen      total 35328K, used 32864K [0x00000000eab00000, 0x00000000ef200000, 0x0000000100000000)
  eden space 32768K, 100% used [0x00000000eab00000,0x00000000ecb00000,0x00000000ecb00000)
  from space 2560K, 3% used [0x00000000ecb00000,0x00000000ecb18000,0x00000000ecd80000)
  to   space 3584K, 0% used [0x00000000eee80000,0x00000000eee80000,0x00000000ef200000)
 ParOldGen       total 44032K, used 2467K [0x00000000c0000000, 0x00000000c2b00000, 0x00000000eab00000)
  object space 44032K, 5% used [0x00000000c0000000,0x00000000c0268c48,0x00000000c2b00000)
 Metaspace       used 11129K, capacity 11382K, committed 11776K, reserved 1058816K
  class space    used 1342K, capacity 1419K, committed 1536K, reserved 1048576K
Event: 7.450 GC heap after
Heap after GC invocations=8 (full 0):
 PSYoungGen      total 69120K, used 96K [0x00000000eab00000, 0x00000000ef200000, 0x0000000100000000)
  eden space 65536K, 0% used [0x00000000eab00000,0x00000000eab00000,0x00000000eeb00000)
  from space 3584K, 2% used [0x00000000eee80000,0x00000000eee98000,0x00000000ef200000)
  to   space 3584K, 0% used [0x00000000eeb00000,0x00000000eeb00000,0x00000000eee80000)
 ParOldGen       total 44032K, used 2483K [0x00000000c0000000, 0x00000000c2b00000, 0x00000000eab00000)
  object space 44032K, 5% used [0x00000000c0000000,0x00000000c026cc48,0x00000000c2b00000)
 Metaspace       used 11129K, capacity 11382K, committed 11776K, reserved 1058816K
  class space    used 1342K, capacity 1419K, committed 1536K, reserved 1048576K
}
Event: 8.683 GC heap before
{Heap before GC invocations=9 (full 0):
 PSYoungGen      total 69120K, used 65632K [0x00000000eab00000, 0x00000000ef200000, 0x0000000100000000)
  eden space 65536K, 100% used [0x00000000eab00000,0x00000000eeb00000,0x00000000eeb00000)
  from space 3584K, 2% used [0x00000000eee80000,0x00000000eee98000,0x00000000ef200000)
  to   space 3584K, 0% used [0x00000000eeb00000,0x00000000eeb00000,0x00000000eee80000)
 ParOldGen       total 44032K, used 2483K [0x00000000c0000000, 0x00000000c2b00000, 0x00000000eab00000)
  object space 44032K, 5% used [0x00000000c0000000,0x00000000c026cc48,0x00000000c2b00000)
 Metaspace       used 11136K, capacity 11390K, committed 11776K, reserved 1058816K
  class space    used 1342K, capacity 1419K, committed 1536K, reserved 1048576K
Event: 8.684 GC heap after
Heap after GC invocations=9 (full 0):
 PSYoungGen      total 63488K, used 64K [0x00000000eab00000, 0x00000000eef80000, 0x0000000100000000)
  eden space 62976K, 0% used [0x00000000eab00000,0x00000000eab00000,0x00000000ee880000)
  from space 512K, 12% used [0x00000000eeb00000,0x00000000eeb10000,0x00000000eeb80000)
  to   space 3584K, 0% used [0x00000000eec00000,0x00000000eec00000,0x00000000eef80000)
 ParOldGen       total 44032K, used 2499K [0x00000000c0000000, 0x00000000c2b00000, 0x00000000eab00000)
  object space 44032K, 5% used [0x00000000c0000000,0x00000000c0270c48,0x00000000c2b00000)
 Metaspace       used 11136K, capacity 11390K, committed 11776K, reserved 1058816K
  class space    used 1342K, capacity 1419K, committed 1536K, reserved 1048576K
}
Event: 9.882 GC heap before
{Heap before GC invocations=10 (full 0):
 PSYoungGen      total 63488K, used 63040K [0x00000000eab00000, 0x00000000eef80000, 0x0000000100000000)
  eden space 62976K, 100% used [0x00000000eab00000,0x00000000ee880000,0x00000000ee880000)
  from space 512K, 12% used [0x00000000eeb00000,0x00000000eeb10000,0x00000000eeb80000)
  to   space 3584K, 0% used [0x00000000eec00000,0x00000000eec00000,0x00000000eef80000)
 ParOldGen       total 44032K, used 2499K [0x00000000c0000000, 0x00000000c2b00000, 0x00000000eab00000)
  object space 44032K, 5% used [0x00000000c0000000,0x00000000c0270c48,0x00000000c2b00000)
 Metaspace       used 11158K, capacity 11390K, committed 11776K, reserved 1058816K
  class space    used 1342K, capacity 1419K, committed 1536K, reserved 1048576K
Event: 9.883 GC heap after
Heap after GC invocations=10 (full 0):
 PSYoungGen      total 63488K, used 96K [0x00000000eab00000, 0x00000000eee80000, 0x0000000100000000)
  eden space 60928K, 0% used [0x00000000eab00000,0x00000000eab00000,0x00000000ee680000)
  from space 2560K, 3% used [0x00000000eec00000,0x00000000eec18000,0x00000000eee80000)
  to   space 4096K, 0% used [0x00000000ee680000,0x00000000ee680000,0x00000000eea80000)
 ParOldGen       total 44032K, used 2515K [0x00000000c0000000, 0x00000000c2b00000, 0x00000000eab00000)
  object space 44032K, 5% used [0x00000000c0000000,0x00000000c0274c48,0x00000000c2b00000)
 Metaspace       used 11158K, capacity 11390K, committed 11776K, reserved 1058816K
  class space    used 1342K, capacity 1419K, committed 1536K, reserved 1048576K
}
Event: 11.010 GC heap before
{Heap before GC invocations=11 (full 0):
 PSYoungGen      total 63488K, used 61024K [0x00000000eab00000, 0x00000000eee80000, 0x0000000100000000)
  eden space 60928K, 100% used [0x00000000eab00000,0x00000000ee680000,0x00000000ee680000)
  from space 2560K, 3% used [0x00000000eec00000,0x00000000eec18000,0x00000000eee80000)
  to   space 4096K, 0% used [0x00000000ee680000,0x00000000ee680000,0x00000000eea80000)
 ParOldGen       total 44032K, used 2515K [0x00000000c0000000, 0x00000000c2b00000, 0x00000000eab00000)
  object space 44032K, 5% used [0x00000000c0000000,0x00000000c0274c48,0x00000000c2b00000)
 Metaspace       used 11173K, capacity 11390K, committed 11776K, reserved 1058816K
  class space    used 1342K, capacity 1419K, committed 1536K, reserved 1048576K
Event: 11.012 GC heap after
Heap after GC invocations=11 (full 0):
 PSYoungGen      total 59392K, used 96K [0x00000000eab00000, 0x00000000eec80000, 0x0000000100000000)
  eden space 58880K, 0% used [0x00000000eab00000,0x00000000eab00000,0x00000000ee480000)
  from space 512K, 18% used [0x00000000ee680000,0x00000000ee698000,0x00000000ee700000)
  to   space 4096K, 0% used [0x00000000ee880000,0x00000000ee880000,0x00000000eec80000)
 ParOldGen       total 44032K, used 2531K [0x00000000c0000000, 0x00000000c2b00000, 0x00000000eab00000)
  object space 44032K, 5% used [0x00000000c0000000,0x00000000c0278c48,0x00000000c2b00000)
 Metaspace       used 11173K, capacity 11390K, committed 11776K, reserved 1058816K
  class space    used 1342K, capacity 1419K, committed 1536K, reserved 1048576K
}
Event: 12.168 GC heap before
{Heap before GC invocations=12 (full 0):
 PSYoungGen      total 59392K, used 58976K [0x00000000eab00000, 0x00000000eec80000, 0x0000000100000000)
  eden space 58880K, 100% used [0x00000000eab00000,0x00000000ee480000,0x00000000ee480000)
  from space 512K, 18% used [0x00000000ee680000,0x00000000ee698000,0x00000000ee700000)
  to   space 4096K, 0% used [0x00000000ee880000,0x00000000ee880000,0x00000000eec80000)
 ParOldGen       total 44032K, used 2531K [0x00000000c0000000, 0x00000000c2b00000, 0x00000000eab00000)
  object space 44032K, 5% used [0x00000000c0000000,0x00000000c0278c48,0x00000000c2b00000)
 Metaspace       used 11173K, capacity 11390K, committed 11776K, reserved 1058816K
  class space    used 1342K, capacity 1419K, committed 1536K, reserved 1048576K
Event: 12.169 GC heap after
Heap after GC invocations=12 (full 0):
 PSYoungGen      total 58880K, used 96K [0x00000000eab00000, 0x00000000eea80000, 0x0000000100000000)
  eden space 56832K, 0% used [0x00000000eab00000,0x00000000eab00000,0x00000000ee280000)
  from space 2048K, 4% used [0x00000000ee880000,0x00000000ee898000,0x00000000eea80000)
  to   space 4096K, 0% used [0x00000000ee280000,0x00000000ee280000,0x00000000ee680000)
 ParOldGen       total 44032K, used 2547K [0x00000000c0000000, 0x00000000c2b00000, 0x00000000eab00000)
  object space 44032K, 5% used [0x00000000c0000000,0x00000000c027cc48,0x00000000c2b00000)
 Metaspace       used 11173K, capacity 11390K, committed 11776K, reserved 1058816K
  class space    used 1342K, capacity 1419K, committed 1536K, reserved 1048576K
}

