# JRE version: Java(TM) SE Runtime Environment (8.0_40-b25) (build 1.8.0_40-b25)
# Java VM: Java HotSpot(TM) 64-Bit Server VM (25.40-b25 mixed mode windows-amd64 compressed oops)
Heap:
 PSYoungGen      total 69120K, used 31743K [0x00000000eab00000, 0x00000000f3200000, 0x0000000100000000)
  eden space 65536K, 45% used [0x00000000eab00000,0x00000000ec857e50,0x00000000eeb00000)
  from space 3584K, 47% used [0x00000000eeb00000,0x00000000eeca8000,0x00000000eee80000)
  to   space 3584K, 0% used [0x00000000f2e80000,0x00000000f2e80000,0x00000000f3200000)
 ParOldGen       total 44032K, used 2347K [0x00000000c0000000, 0x00000000c2b00000, 0x00000000eab00000)
  object space 44032K, 5% used [0x00000000c0000000,0x00000000c024ac38,0x00000000c2b00000)
 Metaspace       used 11151K, capacity 11318K, committed 11520K, reserved 1058816K
  class space    used 1358K, capacity 1419K, committed 1536K, reserved 1048576K
GC Heap History (10 events):
Event: 2.835 GC heap before
{Heap before GC invocations=3 (full 0):
 PSYoungGen      total 18944K, used 18912K [0x00000000eab00000, 0x00000000ed000000, 0x0000000100000000)
  eden space 16384K, 100% used [0x00000000eab00000,0x00000000ebb00000,0x00000000ebb00000)
  from space 2560K, 98% used [0x00000000ebd80000,0x00000000ebff8000,0x00000000ec000000)
  to   space 2560K, 0% used [0x00000000ebb00000,0x00000000ebb00000,0x00000000ebd80000)
 ParOldGen       total 44032K, used 16K [0x00000000c0000000, 0x00000000c2b00000, 0x00000000eab00000)
  object space 44032K, 0% used [0x00000000c0000000,0x00000000c0004000,0x00000000c2b00000)
 Metaspace       used 10849K, capacity 11062K, committed 11264K, reserved 1058816K
  class space    used 1337K, capacity 1419K, committed 1536K, reserved 1048576K
Event: 2.846 GC heap after
Heap after GC invocations=3 (full 0):
 PSYoungGen      total 18944K, used 2560K [0x00000000eab00000, 0x00000000ed000000, 0x0000000100000000)
  eden space 16384K, 0% used [0x00000000eab00000,0x00000000eab00000,0x00000000ebb00000)
  from space 2560K, 100% used [0x00000000ebb00000,0x00000000ebd80000,0x00000000ebd80000)
  to   space 2560K, 0% used [0x00000000ecd80000,0x00000000ecd80000,0x00000000ed000000)
 ParOldGen       total 44032K, used 152K [0x00000000c0000000, 0x00000000c2b00000, 0x00000000eab00000)
  object space 44032K, 0% used [0x00000000c0000000,0x00000000c0026000,0x00000000c2b00000)
 Metaspace       used 10849K, capacity 11062K, committed 11264K, reserved 1058816K
  class space    used 1337K, capacity 1419K, committed 1536K, reserved 1048576K
}
Event: 2.987 GC heap before
{Heap before GC invocations=4 (full 0):
 PSYoungGen      total 18944K, used 18944K [0x00000000eab00000, 0x00000000ed000000, 0x0000000100000000)
  eden space 16384K, 100% used [0x00000000eab00000,0x00000000ebb00000,0x00000000ebb00000)
  from space 2560K, 100% used [0x00000000ebb00000,0x00000000ebd80000,0x00000000ebd80000)
  to   space 2560K, 0% used [0x00000000ecd80000,0x00000000ecd80000,0x00000000ed000000)
 ParOldGen       total 44032K, used 152K [0x00000000c0000000, 0x00000000c2b00000, 0x00000000eab00000)
  object space 44032K, 0% used [0x00000000c0000000,0x00000000c0026000,0x00000000c2b00000)
 Metaspace       used 10937K, capacity 11190K, committed 11520K, reserved 1058816K
  class space    used 1339K, capacity 1419K, committed 1536K, reserved 1048576K
Event: 2.996 GC heap after
Heap after GC invocations=4 (full 0):
 PSYoungGen      total 35328K, used 2528K [0x00000000eab00000, 0x00000000ed000000, 0x0000000100000000)
  eden space 32768K, 0% used [0x00000000eab00000,0x00000000eab00000,0x00000000ecb00000)
  from space 2560K, 98% used [0x00000000ecd80000,0x00000000ecff8020,0x00000000ed000000)
  to   space 2560K, 0% used [0x00000000ecb00000,0x00000000ecb00000,0x00000000ecd80000)
 ParOldGen       total 44032K, used 602K [0x00000000c0000000, 0x00000000c2b00000, 0x00000000eab00000)
  object space 44032K, 1% used [0x00000000c0000000,0x00000000c00968b0,0x00000000c2b00000)
 Metaspace       used 10937K, capacity 11190K, committed 11520K, reserved 1058816K
  class space    used 1339K, capacity 1419K, committed 1536K, reserved 1048576K
}
Event: 3.268 GC heap before
{Heap before GC invocations=5 (full 0):
 PSYoungGen      total 35328K, used 35296K [0x00000000eab00000, 0x00000000ed000000, 0x0000000100000000)
  eden space 32768K, 100% used [0x00000000eab00000,0x00000000ecb00000,0x00000000ecb00000)
  from space 2560K, 98% used [0x00000000ecd80000,0x00000000ecff8020,0x00000000ed000000)
  to   space 2560K, 0% used [0x00000000ecb00000,0x00000000ecb00000,0x00000000ecd80000)
 ParOldGen       total 44032K, used 602K [0x00000000c0000000, 0x00000000c2b00000, 0x00000000eab00000)
  object space 44032K, 1% used [0x00000000c0000000,0x00000000c00968b0,0x00000000c2b00000)
 Metaspace       used 11126K, capacity 11318K, committed 11520K, reserved 1058816K
  class space    used 1358K, capacity 1419K, committed 1536K, reserved 1048576K
Event: 3.277 GC heap after
Heap after GC invocations=5 (full 0):
 PSYoungGen      total 35328K, used 2528K [0x00000000eab00000, 0x00000000ef200000, 0x0000000100000000)
  eden space 32768K, 0% used [0x00000000eab00000,0x00000000eab00000,0x00000000ecb00000)
  from space 2560K, 98% used [0x00000000ecb00000,0x00000000ecd78020,0x00000000ecd80000)
  to   space 3584K, 0% used [0x00000000eee80000,0x00000000eee80000,0x00000000ef200000)
 ParOldGen       total 44032K, used 994K [0x00000000c0000000, 0x00000000c2b00000, 0x00000000eab00000)
  object space 44032K, 2% used [0x00000000c0000000,0x00000000c00f8be8,0x00000000c2b00000)
 Metaspace       used 11126K, capacity 11318K, committed 11520K, reserved 1058816K
  class space    used 1358K, capacity 1419K, committed 1536K, reserved 1048576K
}
Event: 3.436 GC heap before
{Heap before GC invocations=6 (full 0):
 PSYoungGen      total 35328K, used 35296K [0x00000000eab00000, 0x00000000ef200000, 0x0000000100000000)
  eden space 32768K, 100% used [0x00000000eab00000,0x00000000ecb00000,0x00000000ecb00000)
  from space 2560K, 98% used [0x00000000ecb00000,0x00000000ecd78020,0x00000000ecd80000)
  to   space 3584K, 0% used [0x00000000eee80000,0x00000000eee80000,0x00000000ef200000)
 ParOldGen       total 44032K, used 994K [0x00000000c0000000, 0x00000000c2b00000, 0x00000000eab00000)
  object space 44032K, 2% used [0x00000000c0000000,0x00000000c00f8be8,0x00000000c2b00000)
 Metaspace       used 11137K, capacity 11318K, committed 11520K, reserved 1058816K
  class space    used 1358K, capacity 1419K, committed 1536K, reserved 1048576K
Event: 3.447 GC heap after
Heap after GC invocations=6 (full 0):
 PSYoungGen      total 69120K, used 2752K [0x00000000eab00000, 0x00000000ef200000, 0x0000000100000000)
  eden space 65536K, 0% used [0x00000000eab00000,0x00000000eab00000,0x00000000eeb00000)
  from space 3584K, 76% used [0x00000000eee80000,0x00000000ef130020,0x00000000ef200000)
  to   space 3584K, 0% used [0x00000000eeb00000,0x00000000eeb00000,0x00000000eee80000)
 ParOldGen       total 44032K, used 1002K [0x00000000c0000000, 0x00000000c2b00000, 0x00000000eab00000)
  object space 44032K, 2% used [0x00000000c0000000,0x00000000c00fabe8,0x00000000c2b00000)
 Metaspace       used 11137K, capacity 11318K, committed 11520K, reserved 1058816K
  class space    used 1358K, capacity 1419K, committed 1536K, reserved 1048576K
}
Event: 3.686 GC heap before
{Heap before GC invocations=7 (full 0):
 PSYoungGen      total 69120K, used 68288K [0x00000000eab00000, 0x00000000ef200000, 0x0000000100000000)
  eden space 65536K, 100% used [0x00000000eab00000,0x00000000eeb00000,0x00000000eeb00000)
  from space 3584K, 76% used [0x00000000eee80000,0x00000000ef130020,0x00000000ef200000)
  to   space 3584K, 0% used [0x00000000eeb00000,0x00000000eeb00000,0x00000000eee80000)
 ParOldGen       total 44032K, used 1002K [0x00000000c0000000, 0x00000000c2b00000, 0x00000000eab00000)
  object space 44032K, 2% used [0x00000000c0000000,0x00000000c00fabe8,0x00000000c2b00000)
 Metaspace       used 11142K, capacity 11318K, committed 11520K, reserved 1058816K
  class space    used 1358K, capacity 1419K, committed 1536K, reserved 1048576K
Event: 3.696 GC heap after
Heap after GC invocations=7 (full 0):
 PSYoungGen      total 69120K, used 1696K [0x00000000eab00000, 0x00000000f3200000, 0x0000000100000000)
  eden space 65536K, 0% used [0x00000000eab00000,0x00000000eab00000,0x00000000eeb00000)
  from space 3584K, 47% used [0x00000000eeb00000,0x00000000eeca8000,0x00000000eee80000)
  to   space 3584K, 0% used [0x00000000f2e80000,0x00000000f2e80000,0x00000000f3200000)
 ParOldGen       total 44032K, used 2347K [0x00000000c0000000, 0x00000000c2b00000, 0x00000000eab00000)
  object space 44032K, 5% used [0x00000000c0000000,0x00000000c024ac38,0x00000000c2b00000)
 Metaspace       used 11142K, capacity 11318K, committed 11520K, reserved 1058816K
  class space    used 1358K, capacity 1419K, committed 1536K, reserved 1048576K
}

