# JRE version: Java(TM) SE Runtime Environment (8.0_40-b25) (build 1.8.0_40-b25)
# Java VM: Java HotSpot(TM) 64-Bit Server VM (25.40-b25 mixed mode windows-amd64 compressed oops)
Heap:
 PSYoungGen      total 16896K, used 16056K [0x00000000eab00000, 0x00000000ebc80000, 0x0000000100000000)
  eden space 16384K, 97% used [0x00000000eab00000,0x00000000eba9e230,0x00000000ebb00000)
  from space 512K, 12% used [0x00000000ebb80000,0x00000000ebb90000,0x00000000ebc00000)
  to   space 512K, 0% used [0x00000000ebc00000,0x00000000ebc00000,0x00000000ebc80000)
 ParOldGen       total 44032K, used 1868K [0x00000000c0000000, 0x00000000c2b00000, 0x00000000eab00000)
  object space 44032K, 4% used [0x00000000c0000000,0x00000000c01d3398,0x00000000c2b00000)
 Metaspace       used 11040K, capacity 11224K, committed 11392K, reserved 1058816K
  class space    used 1304K, capacity 1386K, committed 1408K, reserved 1048576K
GC Heap History (10 events):
Event: 33.499 GC heap before
{Heap before GC invocations=41 (full 0):
 PSYoungGen      total 17408K, used 16448K [0x00000000eab00000, 0x00000000ebd00000, 0x0000000100000000)
  eden space 16384K, 100% used [0x00000000eab00000,0x00000000ebb00000,0x00000000ebb00000)
  from space 1024K, 6% used [0x00000000ebc00000,0x00000000ebc10000,0x00000000ebd00000)
  to   space 1024K, 0% used [0x00000000ebb00000,0x00000000ebb00000,0x00000000ebc00000)
 ParOldGen       total 44032K, used 1868K [0x00000000c0000000, 0x00000000c2b00000, 0x00000000eab00000)
  object space 44032K, 4% used [0x00000000c0000000,0x00000000c01d3398,0x00000000c2b00000)
 Metaspace       used 11030K, capacity 11224K, committed 11392K, reserved 1058816K
  class space    used 1302K, capacity 1386K, committed 1408K, reserved 1048576K
Event: 33.500 GC heap after
Heap after GC invocations=41 (full 0):
 PSYoungGen      total 17408K, used 64K [0x00000000eab00000, 0x00000000ebc80000, 0x0000000100000000)
  eden space 16384K, 0% used [0x00000000eab00000,0x00000000eab00000,0x00000000ebb00000)
  from space 1024K, 6% used [0x00000000ebb00000,0x00000000ebb10000,0x00000000ebc00000)
  to   space 512K, 0% used [0x00000000ebc00000,0x00000000ebc00000,0x00000000ebc80000)
 ParOldGen       total 44032K, used 1868K [0x00000000c0000000, 0x00000000c2b00000, 0x00000000eab00000)
  object space 44032K, 4% used [0x00000000c0000000,0x00000000c01d3398,0x00000000c2b00000)
 Metaspace       used 11030K, capacity 11224K, committed 11392K, reserved 1058816K
  class space    used 1302K, capacity 1386K, committed 1408K, reserved 1048576K
}
Event: 34.255 GC heap before
{Heap before GC invocations=42 (full 0):
 PSYoungGen      total 17408K, used 16448K [0x00000000eab00000, 0x00000000ebc80000, 0x0000000100000000)
  eden space 16384K, 100% used [0x00000000eab00000,0x00000000ebb00000,0x00000000ebb00000)
  from space 1024K, 6% used [0x00000000ebb00000,0x00000000ebb10000,0x00000000ebc00000)
  to   space 512K, 0% used [0x00000000ebc00000,0x00000000ebc00000,0x00000000ebc80000)
 ParOldGen       total 44032K, used 1868K [0x00000000c0000000, 0x00000000c2b00000, 0x00000000eab00000)
  object space 44032K, 4% used [0x00000000c0000000,0x00000000c01d3398,0x00000000c2b00000)
 Metaspace       used 11030K, capacity 11224K, committed 11392K, reserved 1058816K
  class space    used 1302K, capacity 1386K, committed 1408K, reserved 1048576K
Event: 34.256 GC heap after
Heap after GC invocations=42 (full 0):
 PSYoungGen      total 16896K, used 64K [0x00000000eab00000, 0x00000000ebc80000, 0x0000000100000000)
  eden space 16384K, 0% used [0x00000000eab00000,0x00000000eab00000,0x00000000ebb00000)
  from space 512K, 12% used [0x00000000ebc00000,0x00000000ebc10000,0x00000000ebc80000)
  to   space 512K, 0% used [0x00000000ebb80000,0x00000000ebb80000,0x00000000ebc00000)
 ParOldGen       total 44032K, used 1868K [0x00000000c0000000, 0x00000000c2b00000, 0x00000000eab00000)
  object space 44032K, 4% used [0x00000000c0000000,0x00000000c01d3398,0x00000000c2b00000)
 Metaspace       used 11030K, capacity 11224K, committed 11392K, reserved 1058816K
  class space    used 1302K, capacity 1386K, committed 1408K, reserved 1048576K
}
Event: 34.991 GC heap before
{Heap before GC invocations=43 (full 0):
 PSYoungGen      total 16896K, used 16448K [0x00000000eab00000, 0x00000000ebc80000, 0x0000000100000000)
  eden space 16384K, 100% used [0x00000000eab00000,0x00000000ebb00000,0x00000000ebb00000)
  from space 512K, 12% used [0x00000000ebc00000,0x00000000ebc10000,0x00000000ebc80000)
  to   space 512K, 0% used [0x00000000ebb80000,0x00000000ebb80000,0x00000000ebc00000)
 ParOldGen       total 44032K, used 1868K [0x00000000c0000000, 0x00000000c2b00000, 0x00000000eab00000)
  object space 44032K, 4% used [0x00000000c0000000,0x00000000c01d3398,0x00000000c2b00000)
 Metaspace       used 11030K, capacity 11224K, committed 11392K, reserved 1058816K
  class space    used 1302K, capacity 1386K, committed 1408K, reserved 1048576K
Event: 34.992 GC heap after
Heap after GC invocations=43 (full 0):
 PSYoungGen      total 16896K, used 64K [0x00000000eab00000, 0x00000000ebc80000, 0x0000000100000000)
  eden space 16384K, 0% used [0x00000000eab00000,0x00000000eab00000,0x00000000ebb00000)
  from space 512K, 12% used [0x00000000ebb80000,0x00000000ebb90000,0x00000000ebc00000)
  to   space 512K, 0% used [0x00000000ebc00000,0x00000000ebc00000,0x00000000ebc80000)
 ParOldGen       total 44032K, used 1868K [0x00000000c0000000, 0x00000000c2b00000, 0x00000000eab00000)
  object space 44032K, 4% used [0x00000000c0000000,0x00000000c01d3398,0x00000000c2b00000)
 Metaspace       used 11030K, capacity 11224K, committed 11392K, reserved 1058816K
  class space    used 1302K, capacity 1386K, committed 1408K, reserved 1048576K
}
Event: 35.734 GC heap before
{Heap before GC invocations=44 (full 0):
 PSYoungGen      total 16896K, used 16448K [0x00000000eab00000, 0x00000000ebc80000, 0x0000000100000000)
  eden space 16384K, 100% used [0x00000000eab00000,0x00000000ebb00000,0x00000000ebb00000)
  from space 512K, 12% used [0x00000000ebb80000,0x00000000ebb90000,0x00000000ebc00000)
  to   space 512K, 0% used [0x00000000ebc00000,0x00000000ebc00000,0x00000000ebc80000)
 ParOldGen       total 44032K, used 1868K [0x00000000c0000000, 0x00000000c2b00000, 0x00000000eab00000)
  object space 44032K, 4% used [0x00000000c0000000,0x00000000c01d3398,0x00000000c2b00000)
 Metaspace       used 11030K, capacity 11224K, committed 11392K, reserved 1058816K
  class space    used 1302K, capacity 1386K, committed 1408K, reserved 1048576K
Event: 35.735 GC heap after
Heap after GC invocations=44 (full 0):
 PSYoungGen      total 16896K, used 64K [0x00000000eab00000, 0x00000000ebc80000, 0x0000000100000000)
  eden space 16384K, 0% used [0x00000000eab00000,0x00000000eab00000,0x00000000ebb00000)
  from space 512K, 12% used [0x00000000ebc00000,0x00000000ebc10000,0x00000000ebc80000)
  to   space 512K, 0% used [0x00000000ebb80000,0x00000000ebb80000,0x00000000ebc00000)
 ParOldGen       total 44032K, used 1868K [0x00000000c0000000, 0x00000000c2b00000, 0x00000000eab00000)
  object space 44032K, 4% used [0x00000000c0000000,0x00000000c01d3398,0x00000000c2b00000)
 Metaspace       used 11030K, capacity 11224K, committed 11392K, reserved 1058816K
  class space    used 1302K, capacity 1386K, committed 1408K, reserved 1048576K
}
Event: 36.455 GC heap before
{Heap before GC invocations=45 (full 0):
 PSYoungGen      total 16896K, used 16448K [0x00000000eab00000, 0x00000000ebc80000, 0x0000000100000000)
  eden space 16384K, 100% used [0x00000000eab00000,0x00000000ebb00000,0x00000000ebb00000)
  from space 512K, 12% used [0x00000000ebc00000,0x00000000ebc10000,0x00000000ebc80000)
  to   space 512K, 0% used [0x00000000ebb80000,0x00000000ebb80000,0x00000000ebc00000)
 ParOldGen       total 44032K, used 1868K [0x00000000c0000000, 0x00000000c2b00000, 0x00000000eab00000)
  object space 44032K, 4% used [0x00000000c0000000,0x00000000c01d3398,0x00000000c2b00000)
 Metaspace       used 11040K, capacity 11224K, committed 11392K, reserved 1058816K
  class space    used 1304K, capacity 1386K, committed 1408K, reserved 1048576K
Event: 36.458 GC heap after
Heap after GC invocations=45 (full 0):
 PSYoungGen      total 16896K, used 64K [0x00000000eab00000, 0x00000000ebc80000, 0x0000000100000000)
  eden space 16384K, 0% used [0x00000000eab00000,0x00000000eab00000,0x00000000ebb00000)
  from space 512K, 12% used [0x00000000ebb80000,0x00000000ebb90000,0x00000000ebc00000)
  to   space 512K, 0% used [0x00000000ebc00000,0x00000000ebc00000,0x00000000ebc80000)
 ParOldGen       total 44032K, used 1868K [0x00000000c0000000, 0x00000000c2b00000, 0x00000000eab00000)
  object space 44032K, 4% used [0x00000000c0000000,0x00000000c01d3398,0x00000000c2b00000)
 Metaspace       used 11040K, capacity 11224K, committed 11392K, reserved 1058816K
  class space    used 1304K, capacity 1386K, committed 1408K, reserved 1048576K
}

